0 info it worked if it ends with ok
1 verbose cli [ 'c:\\Program Files (x86)\\nodejs\\node.exe',
1 verbose cli   'c:\\Program Files (x86)\\nodejs\\node_modules\\npm\\bin\\npm-cli.js',
1 verbose cli   'start',
1 verbose cli   'LICENSE',
1 verbose cli   'README.md',
1 verbose cli   'app',
1 verbose cli   'bower.json',
1 verbose cli   'node_modules',
1 verbose cli   'npm-debug.log',
1 verbose cli   'package.json',
1 verbose cli   'scripts',
1 verbose cli   'test' ]
2 info using npm@1.4.28
3 info using node@v0.10.35
4 error Error: ENOENT, open 'c:\Users\Patthsu\Documents\UCSD\WI15\CSE 112\angular-phonecat\node_modules\LICENSE\package.json'
5 error If you need help, you may report this *entire* log,
5 error including the npm and node versions, at:
5 error     <http://github.com/npm/npm/issues>
6 error System Windows_NT 6.2.9200
7 error command "c:\\Program Files (x86)\\nodejs\\node.exe" "c:\\Program Files (x86)\\nodejs\\node_modules\\npm\\bin\\npm-cli.js" "start" "LICENSE" "README.md" "app" "bower.json" "node_modules" "npm-debug.log" "package.json" "scripts" "test"
8 error cwd c:\Users\Patthsu\Documents\UCSD\WI15\CSE 112\angular-phonecat
9 error node -v v0.10.35
10 error npm -v 1.4.28
11 error path c:\Users\Patthsu\Documents\UCSD\WI15\CSE 112\angular-phonecat\node_modules\LICENSE\package.json
12 error code ENOENT
13 error errno 34
14 verbose exit [ 34, true ]
